c:\users\kike\desktop\uni\tfg\github\tfg-pathtracer\src\tfg-pathtracer\x64\release\vc142.pdb
c:\users\kike\desktop\uni\tfg\github\tfg-pathtracer\src\tfg-pathtracer\x64\release\main.obj
c:\users\kike\desktop\uni\tfg\github\tfg-pathtracer\src\tfg-pathtracer\x64\release\postprocessing.obj
x64\release\kernel.cu.obj
c:\users\kike\desktop\uni\tfg\github\tfg-pathtracer\src\x64\release\tfg-pathtracer.exe
c:\users\kike\desktop\uni\tfg\github\tfg-pathtracer\src\x64\release\tfg-pathtracer.pdb
c:\users\kike\desktop\uni\tfg\github\tfg-pathtracer\src\x64\release\tfg-pathtracer.lib
c:\users\kike\desktop\uni\tfg\github\tfg-pathtracer\src\x64\release\tfg-pathtracer.exp
c:\users\kike\desktop\uni\tfg\github\tfg-pathtracer\src\x64\release\tfg-pathtracer.ipdb
c:\users\kike\desktop\uni\tfg\github\tfg-pathtracer\src\x64\release\tfg-pathtracer.iobj
c:\users\kike\desktop\uni\tfg\github\tfg-pathtracer\src\tfg-pathtracer\x64\release\camera.cu.cache
c:\users\kike\desktop\uni\tfg\github\tfg-pathtracer\src\tfg-pathtracer\x64\release\hdri.cu.cache
c:\users\kike\desktop\uni\tfg\github\tfg-pathtracer\src\tfg-pathtracer\x64\release\kernel.cu.cache
c:\users\kike\desktop\uni\tfg\github\tfg-pathtracer\src\tfg-pathtracer\x64\release\camera.cu.obj
c:\users\kike\desktop\uni\tfg\github\tfg-pathtracer\src\tfg-pathtracer\x64\release\hdri.cu.obj
c:\users\kike\desktop\uni\tfg\github\tfg-pathtracer\src\tfg-pathtracer\x64\release\kernel.cu.obj
c:\users\kike\desktop\uni\tfg\github\tfg-pathtracer\src\tfg-pathtracer\x64\release\tfg-pathtracer.device-link.obj
c:\users\kike\desktop\uni\tfg\github\tfg-pathtracer\src\tfg-pathtracer\x64\release\tfg-pathtracer.tlog\cl.command.1.tlog
c:\users\kike\desktop\uni\tfg\github\tfg-pathtracer\src\tfg-pathtracer\x64\release\tfg-pathtracer.tlog\cl.read.1.tlog
c:\users\kike\desktop\uni\tfg\github\tfg-pathtracer\src\tfg-pathtracer\x64\release\tfg-pathtracer.tlog\cl.write.1.tlog
c:\users\kike\desktop\uni\tfg\github\tfg-pathtracer\src\tfg-pathtracer\x64\release\tfg-pathtracer.tlog\cudacompile.read.1u.tlog
c:\users\kike\desktop\uni\tfg\github\tfg-pathtracer\src\tfg-pathtracer\x64\release\tfg-pathtracer.tlog\cudacompile.write.1u.tlog
c:\users\kike\desktop\uni\tfg\github\tfg-pathtracer\src\tfg-pathtracer\x64\release\tfg-pathtracer.tlog\link.command.1.tlog
c:\users\kike\desktop\uni\tfg\github\tfg-pathtracer\src\tfg-pathtracer\x64\release\tfg-pathtracer.tlog\link.read.1.tlog
c:\users\kike\desktop\uni\tfg\github\tfg-pathtracer\src\tfg-pathtracer\x64\release\tfg-pathtracer.tlog\link.write.1.tlog
c:\users\kike\desktop\uni\tfg\github\tfg-pathtracer\src\tfg-pathtracer\x64\release\tfg-pathtracer.tlog\tfg-pathtracer.write.1u.tlog
