  main.cpp
C:\Users\Kike\Desktop\Uni\TFG\Github\tfg-pathtracer\src\tfg-pathtracer\Vector.hpp(119,1): warning C4305: 'inicializando': truncamiento de 'double' a 'float'
C:\Users\Kike\Desktop\Uni\TFG\Github\tfg-pathtracer\src\tfg-pathtracer\Vector.hpp(225,24): warning C4305: 'inicializando': truncamiento de 'double' a 'float'
C:\Users\Kike\Desktop\Uni\TFG\Github\tfg-pathtracer\src\tfg-pathtracer\Camera.hpp(13,20): warning C4305: 'inicializando': truncamiento de 'double' a 'float'
C:\Users\Kike\Desktop\Uni\TFG\Github\tfg-pathtracer\src\tfg-pathtracer\Camera.hpp(14,20): warning C4305: 'inicializando': truncamiento de 'double' a 'float'
C:\Users\Kike\Desktop\Uni\TFG\Github\tfg-pathtracer\src\tfg-pathtracer\Camera.hpp(16,17): warning C4305: 'inicializando': truncamiento de 'double' a 'float'
C:\Users\Kike\Desktop\Uni\TFG\Github\tfg-pathtracer\src\tfg-pathtracer\Texture.hpp(57,27): warning C4018: '<': no coinciden signed/unsigned
C:\Users\Kike\Desktop\Uni\TFG\Github\tfg-pathtracer\src\tfg-pathtracer\Texture.hpp(70,30): warning C4244: '=': conversión de 'float' a 'unsigned char'; posible pérdida de datos
C:\Users\Kike\Desktop\Uni\TFG\Github\tfg-pathtracer\src\tfg-pathtracer\Texture.hpp(74,43): warning C4244: '=': conversión de 'double' a 'float'; posible pérdida de datos
C:\Users\Kike\Desktop\Uni\TFG\Github\tfg-pathtracer\src\tfg-pathtracer\Texture.hpp(77,34): warning C4244: '=': conversión de 'double' a 'float'; posible pérdida de datos
C:\Users\Kike\Desktop\Uni\TFG\Github\tfg-pathtracer\src\tfg-pathtracer\Texture.hpp(43,19): warning C4996: 'fopen': This function or variable may be unsafe. Consider using fopen_s instead. To disable deprecation, use _CRT_SECURE_NO_WARNINGS. See online help for details.
C:\Users\Kike\Desktop\Uni\TFG\Github\tfg-pathtracer\src\tfg-pathtracer\Texture.hpp(117,53): warning C4244: 'argumento': conversión de 'float' a 'int'; posible pérdida de datos
C:\Users\Kike\Desktop\Uni\TFG\Github\tfg-pathtracer\src\tfg-pathtracer\Texture.hpp(117,42): warning C4244: 'argumento': conversión de 'float' a 'int'; posible pérdida de datos
C:\Users\Kike\Desktop\Uni\TFG\Github\tfg-pathtracer\src\tfg-pathtracer\Texture.hpp(134,51): warning C4244: 'argumento': conversión de 'float' a 'int'; posible pérdida de datos
C:\Users\Kike\Desktop\Uni\TFG\Github\tfg-pathtracer\src\tfg-pathtracer\Texture.hpp(134,46): warning C4244: 'argumento': conversión de 'float' a 'int'; posible pérdida de datos
C:\Users\Kike\Desktop\Uni\TFG\Github\tfg-pathtracer\src\tfg-pathtracer\Texture.hpp(135,51): warning C4244: 'argumento': conversión de 'float' a 'int'; posible pérdida de datos
C:\Users\Kike\Desktop\Uni\TFG\Github\tfg-pathtracer\src\tfg-pathtracer\Texture.hpp(135,46): warning C4244: 'argumento': conversión de 'float' a 'int'; posible pérdida de datos
C:\Users\Kike\Desktop\Uni\TFG\Github\tfg-pathtracer\src\tfg-pathtracer\Texture.hpp(136,51): warning C4244: 'argumento': conversión de 'float' a 'int'; posible pérdida de datos
C:\Users\Kike\Desktop\Uni\TFG\Github\tfg-pathtracer\src\tfg-pathtracer\Texture.hpp(136,46): warning C4244: 'argumento': conversión de 'float' a 'int'; posible pérdida de datos
C:\Users\Kike\Desktop\Uni\TFG\Github\tfg-pathtracer\src\tfg-pathtracer\Texture.hpp(137,51): warning C4244: 'argumento': conversión de 'float' a 'int'; posible pérdida de datos
C:\Users\Kike\Desktop\Uni\TFG\Github\tfg-pathtracer\src\tfg-pathtracer\Texture.hpp(137,46): warning C4244: 'argumento': conversión de 'float' a 'int'; posible pérdida de datos
C:\Users\Kike\Desktop\Uni\TFG\Github\tfg-pathtracer\src\tfg-pathtracer\Texture.hpp(166,15): warning C4244: 'inicializando': conversión de 'float' a 'int'; posible pérdida de datos
C:\Users\Kike\Desktop\Uni\TFG\Github\tfg-pathtracer\src\tfg-pathtracer\Texture.hpp(167,15): warning C4244: 'inicializando': conversión de 'float' a 'int'; posible pérdida de datos
C:\Users\Kike\Desktop\Uni\TFG\Github\tfg-pathtracer\src\tfg-pathtracer\Texture.hpp(185,15): warning C4244: 'inicializando': conversión de 'float' a 'int'; posible pérdida de datos
C:\Users\Kike\Desktop\Uni\TFG\Github\tfg-pathtracer\src\tfg-pathtracer\Texture.hpp(186,15): warning C4244: 'inicializando': conversión de 'float' a 'int'; posible pérdida de datos
C:\Users\Kike\Desktop\Uni\TFG\Github\tfg-pathtracer\src\tfg-pathtracer\Tri.hpp(40,1): warning C4305: 'inicializando': truncamiento de 'double' a 'float'
C:\Users\Kike\Desktop\Uni\TFG\Github\tfg-pathtracer\src\tfg-pathtracer\Tri.hpp(51,23): warning C4244: '=': conversión de 'double' a 'float'; posible pérdida de datos
C:\Users\Kike\Desktop\Uni\TFG\Github\tfg-pathtracer\src\tfg-pathtracer\BVH.hpp(252,1): warning C4267: '=': conversión de 'size_t' a 'int'; posible pérdida de datos
C:\Users\Kike\Desktop\Uni\TFG\Github\tfg-pathtracer\src\tfg-pathtracer\BVH.hpp(261,1): warning C4267: '=': conversión de 'size_t' a 'int'; posible pérdida de datos
C:\Users\Kike\Desktop\Uni\TFG\Github\tfg-pathtracer\src\tfg-pathtracer\BVH.hpp(266,1): warning C4267: '+=': conversión de 'size_t' a 'int'; posible pérdida de datos
C:\Users\Kike\Desktop\Uni\TFG\Github\tfg-pathtracer\src\tfg-pathtracer\BVH.hpp(298,1): warning C4267: '=': conversión de 'size_t' a 'int'; posible pérdida de datos
C:\Users\Kike\Desktop\Uni\TFG\Github\tfg-pathtracer\src\tfg-pathtracer\BVH.hpp(307,1): warning C4267: 'argumento': conversión de 'size_t' a 'int'; posible pérdida de datos
C:\Users\Kike\Desktop\Uni\TFG\Github\tfg-pathtracer\src\tfg-pathtracer\BVH.hpp(312,1): warning C4267: '+=': conversión de 'size_t' a 'int'; posible pérdida de datos
C:\Users\Kike\Desktop\Uni\TFG\Github\tfg-pathtracer\src\tfg-pathtracer\BVH.hpp(385,1): warning C4305: 'inicializando': truncamiento de '__int64' a 'float'
C:\Users\Kike\Desktop\Uni\TFG\Github\tfg-pathtracer\src\tfg-pathtracer\BVH.hpp(411,15): warning C4244: '=': conversión de 'float' a 'int'; posible pérdida de datos
C:\Users\Kike\Desktop\Uni\TFG\Github\tfg-pathtracer\src\tfg-pathtracer\BVH.hpp(455,12): warning C4244: 'inicializando': conversión de 'float' a 'int'; posible pérdida de datos
C:\Users\Kike\Desktop\Uni\TFG\Github\tfg-pathtracer\src\tfg-pathtracer\HdrLoader.hpp(42,9): warning C4996: 'fopen': This function or variable may be unsafe. Consider using fopen_s instead. To disable deprecation, use _CRT_SECURE_NO_WARNINGS. See online help for details.
C:\Users\Kike\Desktop\Uni\TFG\Github\tfg-pathtracer\src\tfg-pathtracer\HdrLoader.hpp(75,7): warning C4996: 'sscanf': This function or variable may be unsafe. Consider using sscanf_s instead. To disable deprecation, use _CRT_SECURE_NO_WARNINGS. See online help for details.
C:\Users\Kike\Desktop\Uni\TFG\Github\tfg-pathtracer\src\tfg-pathtracer\Sampling.hpp(12,13): warning C4244: 'inicializando': conversión de 'double' a 'float'; posible pérdida de datos
C:\Users\Kike\Desktop\Uni\TFG\Github\tfg-pathtracer\src\tfg-pathtracer\Sampling.hpp(13,34): warning C4244: 'argumento': conversión de 'double' a 'float'; posible pérdida de datos
C:\Users\Kike\Desktop\Uni\TFG\Github\tfg-pathtracer\src\tfg-pathtracer\Sampling.hpp(14,15): warning C4244: 'inicializando': conversión de 'double' a 'float'; posible pérdida de datos
C:\Users\Kike\Desktop\Uni\TFG\Github\tfg-pathtracer\src\tfg-pathtracer\Sampling.hpp(35,15): warning C4244: 'inicializando': conversión de 'double' a 'float'; posible pérdida de datos
C:\Users\Kike\Desktop\Uni\TFG\Github\tfg-pathtracer\src\tfg-pathtracer\Sampling.hpp(38,48): warning C4244: 'argumento': conversión de 'double' a 'float'; posible pérdida de datos
C:\Users\Kike\Desktop\Uni\TFG\Github\tfg-pathtracer\src\tfg-pathtracer\Sampling.hpp(44,30): warning C4305: 'argumento': truncamiento de 'double' a 'float'
C:\Users\Kike\Desktop\Uni\TFG\Github\tfg-pathtracer\src\tfg-pathtracer\Sampling.hpp(48,20): warning C4244: 'inicializando': conversión de 'double' a 'float'; posible pérdida de datos
C:\Users\Kike\Desktop\Uni\TFG\Github\tfg-pathtracer\src\tfg-pathtracer\Sampling.hpp(49,32): warning C4244: 'argumento': conversión de 'double' a 'float'; posible pérdida de datos
C:\Users\Kike\Desktop\Uni\TFG\Github\tfg-pathtracer\src\tfg-pathtracer\HDRI.hpp(28,21): warning C4018: '<': no coinciden signed/unsigned
C:\Users\Kike\Desktop\Uni\TFG\Github\tfg-pathtracer\src\tfg-pathtracer\HDRI.hpp(55,21): warning C4018: '<': no coinciden signed/unsigned
C:\Users\Kike\Desktop\Uni\TFG\Github\tfg-pathtracer\src\tfg-pathtracer\HDRI.hpp(56,22): warning C4018: '<': no coinciden signed/unsigned
C:\Users\Kike\Desktop\Uni\TFG\Github\tfg-pathtracer\src\tfg-pathtracer\HDRI.hpp(73,21): warning C4018: '<': no coinciden signed/unsigned
C:\Users\Kike\Desktop\Uni\TFG\Github\tfg-pathtracer\src\tfg-pathtracer\HDRI.hpp(74,22): warning C4018: '<': no coinciden signed/unsigned
C:\Users\Kike\Desktop\Uni\TFG\Github\tfg-pathtracer\src\tfg-pathtracer\HDRI.hpp(101,21): warning C4018: '<': no coinciden signed/unsigned
C:\Users\Kike\Desktop\Uni\TFG\Github\tfg-pathtracer\src\tfg-pathtracer\HDRI.hpp(102,22): warning C4018: '<': no coinciden signed/unsigned
C:\Users\Kike\Desktop\Uni\TFG\Github\tfg-pathtracer\src\tfg-pathtracer\HDRI.hpp(110,21): warning C4018: '<': no coinciden signed/unsigned
C:\Users\Kike\Desktop\Uni\TFG\Github\tfg-pathtracer\src\tfg-pathtracer\HDRI.hpp(111,22): warning C4018: '<': no coinciden signed/unsigned
C:\Users\Kike\Desktop\Uni\TFG\Github\tfg-pathtracer\src\tfg-pathtracer\HDRI.hpp(147,80): warning C4244: 'return': conversión de 'double' a 'float'; posible pérdida de datos
C:\Users\Kike\Desktop\Uni\TFG\Github\tfg-pathtracer\src\tfg-pathtracer\HDRI.hpp(161,24): warning C4244: 'argumento': conversión de 'int' a 'float'; posible pérdida de datos
C:\Users\Kike\Desktop\Uni\TFG\Github\tfg-pathtracer\src\tfg-pathtracer\HDRI.hpp(161,21): warning C4244: 'argumento': conversión de 'int' a 'float'; posible pérdida de datos
C:\Users\Kike\Desktop\Uni\TFG\Github\tfg-pathtracer\src\tfg-pathtracer\HDRI.hpp(161,18): warning C4244: 'argumento': conversión de 'int' a 'float'; posible pérdida de datos
C:\Users\Kike\Desktop\Uni\TFG\Github\tfg-pathtracer\src\tfg-pathtracer\HDRI.hpp(177,57): warning C4244: 'argumento': conversión de 'int' a 'float'; posible pérdida de datos
C:\Users\Kike\Desktop\Uni\TFG\Github\tfg-pathtracer\src\tfg-pathtracer\RSJparser.hpp(72,46): warning C4267: '=': conversión de 'size_t' a 'int'; posible pérdida de datos
C:\Users\Kike\Desktop\Uni\TFG\Github\tfg-pathtracer\src\tfg-pathtracer\RSJparser.hpp(82,39): warning C4267: 'inicializando': conversión de 'size_t' a 'int'; posible pérdida de datos
C:\Users\Kike\Desktop\Uni\TFG\Github\tfg-pathtracer\src\tfg-pathtracer\RSJparser.hpp(169,53): warning C4267: 'inicializando': conversión de 'size_t' a 'int'; posible pérdida de datos
C:\Users\Kike\Desktop\Uni\TFG\Github\tfg-pathtracer\src\tfg-pathtracer\RSJparser.hpp(171,53): warning C4267: '=': conversión de 'size_t' a 'int'; posible pérdida de datos
C:\Users\Kike\Desktop\Uni\TFG\Github\tfg-pathtracer\src\tfg-pathtracer\RSJparser.hpp(176,37): warning C4267: '=': conversión de 'size_t' a 'int'; posible pérdida de datos
C:\Users\Kike\Desktop\Uni\TFG\Github\tfg-pathtracer\src\tfg-pathtracer\RSJparser.hpp(212,38): warning C4267: '+=': conversión de 'size_t' a 'int'; posible pérdida de datos
C:\Users\Kike\Desktop\Uni\TFG\Github\tfg-pathtracer\src\tfg-pathtracer\RSJparser.hpp(380,1): warning C4267: 'return': conversión de 'size_t' a 'int'; posible pérdida de datos
C:\Users\Kike\Desktop\Uni\TFG\Github\tfg-pathtracer\src\tfg-pathtracer\RSJparser.hpp(386,1): warning C4267: 'return': conversión de 'size_t' a 'int'; posible pérdida de datos
C:\Users\Kike\Desktop\Uni\TFG\Github\tfg-pathtracer\src\tfg-pathtracer\RSJparser.hpp(603,53): warning C4267: 'inicializando': conversión de 'size_t' a 'int'; posible pérdida de datos
C:\Users\Kike\Desktop\Uni\TFG\Github\tfg-pathtracer\src\tfg-pathtracer\RSJparser.hpp(605,53): warning C4267: '=': conversión de 'size_t' a 'int'; posible pérdida de datos
C:\Users\Kike\Desktop\Uni\TFG\Github\tfg-pathtracer\src\tfg-pathtracer\RSJparser.hpp(610,37): warning C4267: '=': conversión de 'size_t' a 'int'; posible pérdida de datos
C:\Users\Kike\Desktop\Uni\TFG\Github\tfg-pathtracer\src\tfg-pathtracer\RSJparser.hpp(778,128): warning C4244: 'argumento': conversión de 'double' a 'float'; posible pérdida de datos
C:\Users\Kike\Desktop\Uni\TFG\Github\tfg-pathtracer\src\tfg-pathtracer\RSJparser.hpp(778,91): warning C4244: 'argumento': conversión de 'double' a 'float'; posible pérdida de datos
C:\Users\Kike\Desktop\Uni\TFG\Github\tfg-pathtracer\src\tfg-pathtracer\RSJparser.hpp(778,54): warning C4244: 'argumento': conversión de 'double' a 'float'; posible pérdida de datos
C:\Users\Kike\Desktop\Uni\TFG\Github\tfg-pathtracer\src\tfg-pathtracer\MeshObject.hpp(31,21): warning C4018: '<': no coinciden signed/unsigned
C:\Users\Kike\Desktop\Uni\TFG\Github\tfg-pathtracer\src\tfg-pathtracer\MeshObject.hpp(43,21): warning C4018: '<': no coinciden signed/unsigned
C:\Users\Kike\Desktop\Uni\TFG\Github\tfg-pathtracer\src\tfg-pathtracer\ObjLoader.hpp(61,1): warning C4267: 'inicializando': conversión de 'size_t' a 'int'; posible pérdida de datos
C:\Users\Kike\Desktop\Uni\TFG\Github\tfg-pathtracer\src\tfg-pathtracer\ObjLoader.hpp(86,1): warning C4267: 'inicializando': conversión de 'size_t' a 'int'; posible pérdida de datos
C:\Users\Kike\Desktop\Uni\TFG\Github\tfg-pathtracer\src\tfg-pathtracer\ObjLoader.hpp(111,10): warning C4477: 'printf' : la cadena de formato '%d' requiere un argumento de tipo 'int', pero el argumento variádico 1 tiene el tipo 'unsigned __int64'
C:\Users\Kike\Desktop\Uni\TFG\Github\tfg-pathtracer\src\tfg-pathtracer\ObjLoader.hpp(111,10): message : considere el uso de ' %zd' en la cadena de formato
C:\Users\Kike\Desktop\Uni\TFG\Github\tfg-pathtracer\src\tfg-pathtracer\ObjLoader.hpp(111,10): warning C4477: 'printf' : la cadena de formato '%d' requiere un argumento de tipo 'int', pero el argumento variádico 2 tiene el tipo 'unsigned __int64'
C:\Users\Kike\Desktop\Uni\TFG\Github\tfg-pathtracer\src\tfg-pathtracer\ObjLoader.hpp(111,10): message : considere el uso de ' %zd' en la cadena de formato
C:\Users\Kike\Desktop\Uni\TFG\Github\tfg-pathtracer\src\tfg-pathtracer\ObjLoader.hpp(111,10): warning C4477: 'printf' : la cadena de formato '%d' requiere un argumento de tipo 'int', pero el argumento variádico 3 tiene el tipo 'unsigned __int64'
C:\Users\Kike\Desktop\Uni\TFG\Github\tfg-pathtracer\src\tfg-pathtracer\ObjLoader.hpp(111,10): message : considere el uso de ' %zd' en la cadena de formato
C:\Users\Kike\Desktop\Uni\TFG\Github\tfg-pathtracer\src\tfg-pathtracer\ObjLoader.hpp(116,1): warning C4267: '=': conversión de 'size_t' a 'unsigned int'; posible pérdida de datos
C:\Users\Kike\Desktop\Uni\TFG\Github\tfg-pathtracer\src\tfg-pathtracer\Scene.hpp(62,21): warning C4244: 'inicializando': conversión de 'double' a 'float'; posible pérdida de datos
C:\Users\Kike\Desktop\Uni\TFG\Github\tfg-pathtracer\src\tfg-pathtracer\Scene.hpp(63,23): warning C4244: 'inicializando': conversión de 'double' a 'float'; posible pérdida de datos
C:\Users\Kike\Desktop\Uni\TFG\Github\tfg-pathtracer\src\tfg-pathtracer\Scene.hpp(64,18): warning C4244: 'inicializando': conversión de 'double' a 'float'; posible pérdida de datos
C:\Users\Kike\Desktop\Uni\TFG\Github\tfg-pathtracer\src\tfg-pathtracer\Scene.hpp(66,137): warning C4244: 'argumento': conversión de 'double' a 'float'; posible pérdida de datos
C:\Users\Kike\Desktop\Uni\TFG\Github\tfg-pathtracer\src\tfg-pathtracer\Scene.hpp(66,102): warning C4244: 'argumento': conversión de 'double' a 'float'; posible pérdida de datos
C:\Users\Kike\Desktop\Uni\TFG\Github\tfg-pathtracer\src\tfg-pathtracer\Scene.hpp(66,67): warning C4244: 'argumento': conversión de 'double' a 'float'; posible pérdida de datos
C:\Users\Kike\Desktop\Uni\TFG\Github\tfg-pathtracer\src\tfg-pathtracer\Scene.hpp(83,138): warning C4244: 'argumento': conversión de 'double' a 'float'; posible pérdida de datos
C:\Users\Kike\Desktop\Uni\TFG\Github\tfg-pathtracer\src\tfg-pathtracer\Scene.hpp(83,100): warning C4244: 'argumento': conversión de 'double' a 'float'; posible pérdida de datos
C:\Users\Kike\Desktop\Uni\TFG\Github\tfg-pathtracer\src\tfg-pathtracer\Scene.hpp(83,62): warning C4244: 'argumento': conversión de 'double' a 'float'; posible pérdida de datos
C:\Users\Kike\Desktop\Uni\TFG\Github\tfg-pathtracer\src\tfg-pathtracer\Scene.hpp(91,64): warning C4244: '=': conversión de 'double' a 'float'; posible pérdida de datos
C:\Users\Kike\Desktop\Uni\TFG\Github\tfg-pathtracer\src\tfg-pathtracer\Scene.hpp(94,64): warning C4244: '=': conversión de 'double' a 'float'; posible pérdida de datos
C:\Users\Kike\Desktop\Uni\TFG\Github\tfg-pathtracer\src\tfg-pathtracer\Scene.hpp(143,113): warning C4244: 'argumento': conversión de 'double' a 'float'; posible pérdida de datos
C:\Users\Kike\Desktop\Uni\TFG\Github\tfg-pathtracer\src\tfg-pathtracer\Scene.hpp(143,84): warning C4244: 'argumento': conversión de 'double' a 'float'; posible pérdida de datos
C:\Users\Kike\Desktop\Uni\TFG\Github\tfg-pathtracer\src\tfg-pathtracer\Scene.hpp(143,55): warning C4244: 'argumento': conversión de 'double' a 'float'; posible pérdida de datos
C:\Users\Kike\Desktop\Uni\TFG\Github\tfg-pathtracer\src\tfg-pathtracer\Scene.hpp(186,22): warning C4267: 'return': conversión de 'size_t' a 'int'; posible pérdida de datos
C:\Users\Kike\Desktop\Uni\TFG\Github\tfg-pathtracer\src\tfg-pathtracer\Scene.hpp(187,21): warning C4267: 'return': conversión de 'size_t' a 'int'; posible pérdida de datos
C:\Users\Kike\Desktop\Uni\TFG\Github\tfg-pathtracer\src\tfg-pathtracer\Scene.hpp(188,24): warning C4267: 'return': conversión de 'size_t' a 'int'; posible pérdida de datos
C:\Users\Kike\Desktop\Uni\TFG\Github\tfg-pathtracer\src\tfg-pathtracer\Scene.hpp(189,17): warning C4267: 'return': conversión de 'size_t' a 'int'; posible pérdida de datos
C:\Users\Kike\Desktop\Uni\TFG\Github\tfg-pathtracer\src\tfg-pathtracer\Scene.hpp(190,24): warning C4267: 'return': conversión de 'size_t' a 'int'; posible pérdida de datos
C:\Users\Kike\Desktop\Uni\TFG\Github\tfg-pathtracer\src\tfg-pathtracer\Scene.hpp(227,21): warning C4018: '<': no coinciden signed/unsigned
C:\Users\Kike\Desktop\Uni\TFG\Github\tfg-pathtracer\src\tfg-pathtracer\Scene.hpp(264,10): warning C4477: 'printf' : la cadena de formato '%d' requiere un argumento de tipo 'int', pero el argumento variádico 1 tiene el tipo '_To'
          with
          [
              _To=std::chrono::milliseconds
          ]
C:\Users\Kike\Desktop\Uni\TFG\Github\tfg-pathtracer\src\tfg-pathtracer\BMP.hpp(45,15): warning C4996: 'fopen': This function or variable may be unsafe. Consider using fopen_s instead. To disable deprecation, use _CRT_SECURE_NO_WARNINGS. See online help for details.
C:\Users\Kike\Desktop\Uni\TFG\Github\tfg-pathtracer\src\tfg-pathtracer\main.cpp(135,20): warning C4018: '>=': no coinciden signed/unsigned
C:\Users\Kike\Desktop\Uni\TFG\Github\tfg-pathtracer\src\tfg-pathtracer\main.cpp(117,38): warning C4390: ';': se encontró una instrucción controlada vacía; ¿es esa la intención?
     Creando biblioteca C:\Users\Kike\Desktop\Uni\TFG\Github\tfg-pathtracer\src\x64\Release\tfg-pathtracer.lib y objeto C:\Users\Kike\Desktop\Uni\TFG\Github\tfg-pathtracer\src\x64\Release\tfg-pathtracer.exp
  Generando código
  1 of 1233 functions (<0.1%) were compiled, the rest were copied from previous compilation.
    0 functions were new in current compilation
    0 functions had inline decision re-evaluated but remain unchanged
  Generación de código finalizada
  tfg-pathtracer.vcxproj -> C:\Users\Kike\Desktop\Uni\TFG\Github\tfg-pathtracer\src\x64\Release\tfg-pathtracer.exe
